#
# A fatal error has been detected by the Java Runtime Environment:
#
#  EXCEPTION_ACCESS_VIOLATION (0xc0000005) at pc=0x60ea1014, pid=4336, tid=3892
#
# JRE version: 7.0_07-b11
# Java VM: Java HotSpot(TM) Client VM (23.3-b01 mixed mode windows-x86 )
# Problematic frame:
# C  [jvm.dll+0x71014]
#
# Failed to write core dump. Minidumps are not enabled by default on client versions of Windows
#
# If you would like to submit a bug report, please visit:
#   http://bugreport.sun.com/bugreport/crash.jsp
#

---------------  T H R E A D  ---------------

Current thread (0x07af6400):  JavaThread "main" [_thread_in_vm, id=3892, stack(0x061e0000,0x06230000)]

siginfo: ExceptionCode=0xc0000005, reading address 0x000000a8

Registers:
EAX=0x00000000, EBX=0x0f821088, ECX=0x0000000d, EDX=0x07b99954
ESP=0x0622cb50, EBP=0x0622cb58, ESI=0x00000010, EDI=0x07af6400
EIP=0x60ea1014, EFLAGS=0x00010283

Top of Stack: (sp=0x0622cb50)
0x0622cb50:   07af6400 07af6400 0622ccb8 60f0d781
0x0622cb60:   00000010 07af6400 00000006 07af6400
0x0622cb70:   1a6142d8 1a6142d8 00000000 07af6400
0x0622cb80:   552dc246 00000000 55204cab 07b991bc
0x0622cb90:   1a6142d8 07af6400 0622cc00 07b99560
0x0622cba0:   07b99568 07b99954 0622ccb7 07af6400
0x0622cbb0:   07af6528 554209d0 0622cbe4 00000000
0x0622cbc0:   00000050 00000043 00000000 00000000 

Instructions: (pc=0x60ea1014)
0x60ea0ff4:   cc cc cc cc cc cc cc cc cc cc cc cc 55 8b ec a1
0x60ea1004:   7c 06 12 61 56 57 50 ff 15 c8 01 0a 61 8b 75 08
0x60ea1014:   8b b8 a8 00 00 00 83 c6 07 83 e6 f8 83 c9 ff 2b
0x60ea1024:   ce 3b 4f 08 73 0d 68 fc 0b 0a 61 56 8b cf e8 59 


Register to memory mapping:

EAX=0x00000000 is an unknown value
EBX=0x0f821088 is an unknown value
ECX=0x0000000d is an unknown value
EDX=0x07b99954 is an unknown value
ESP=0x0622cb50 is pointing into the stack for thread: 0x07af6400
EBP=0x0622cb58 is pointing into the stack for thread: 0x07af6400
ESI=0x00000010 is an unknown value
EDI=0x07af6400 is a thread


Stack: [0x061e0000,0x06230000],  sp=0x0622cb50,  free space=306k
Native frames: (J=compiled Java code, j=interpreted, Vv=VM code, C=native code)
C  [jvm.dll+0x71014]
C  [jvm.dll+0xdd781]  JVM_GetStackAccessControlContext+0x81
j  java.security.AccessController.getStackAccessControlContext()Ljava/security/AccessControlContext;+0
j  java.security.AccessController.getContext()Ljava/security/AccessControlContext;+0
j  java.lang.Thread.init(Ljava/lang/ThreadGroup;Ljava/lang/Runnable;Ljava/lang/String;J)V+149
j  java.lang.Thread.<init>(Ljava/lang/ThreadGroup;Ljava/lang/String;)V+45
v  ~StubRoutines::call_stub
C  0x552da39a  JVM_Clone+0x4980a
C  0x5538962e  JVM_FindSignal+0x6015e
C  0x552da963  JVM_Clone+0x49dd3
C  0x552f650e  JVM_Clone+0x6597e
C  0x552fa016  JVM_Clone+0x69486
C  0x5525997f  JNI_CreateJavaVM+0x4f
C  0x6336161b

Java frames: (J=compiled Java code, j=interpreted, Vv=VM code)
j  java.security.AccessController.getStackAccessControlContext()Ljava/security/AccessControlContext;+0
j  java.security.AccessController.getContext()Ljava/security/AccessControlContext;+0
j  java.lang.Thread.init(Ljava/lang/ThreadGroup;Ljava/lang/Runnable;Ljava/lang/String;J)V+149
j  java.lang.Thread.<init>(Ljava/lang/ThreadGroup;Ljava/lang/String;)V+45
v  ~StubRoutines::call_stub

---------------  P R O C E S S  ---------------

Java Threads: ( => current thread )
=>0x07af6400 JavaThread "main" [_thread_in_vm, id=3892, stack(0x061e0000,0x06230000)]

Other Threads:
  0x0f91b400 VMThread [stack: 0x0b500000,0x0b550000] [id=5264]

VM state:not at safepoint (normal execution)

VM Mutex/Monitor currently owned by a thread: None

Heap
 def new generation   total 4928K, used 88K [0x185a0000, 0x18af0000, 0x19040000)
  eden space 4416K,   2% used [0x185a0000, 0x185b61b8, 0x189f0000)
  from space 512K,   0% used [0x189f0000, 0x189f0000, 0x18a70000)
  to   space 512K,   0% used [0x18a70000, 0x18a70000, 0x18af0000)
 tenured generation   total 10944K, used 0K [0x19040000, 0x19af0000, 0x1a5a0000)
   the space 10944K,   0% used [0x19040000, 0x19040000, 0x19040200, 0x19af0000)
 compacting perm gen  total 12288K, used 466K [0x1a5a0000, 0x1b1a0000, 0x1e5a0000)
   the space 12288K,   3% used [0x1a5a0000, 0x1a6148a8, 0x1a614a00, 0x1b1a0000)
No shared spaces configured.

Card table byte_map: [0x06110000,0x06150000] byte_map_base: 0x0604d300

Polling page: 0x06060000

Code Cache  [0x165a0000, 0x165e8000, 0x185a0000)
 total_blobs=41 nmethods=0 adapters=18 free_code_cache=32498Kb largest_free_block=33278592

Compilation events (0 events):
No events

GC Heap History (0 events):
No events

Deoptimization events (0 events):
No events

Internal exceptions (0 events):
No events

Events (10 events):
Event: 0.088 loading class 0x0f89c350
Event: 0.088 loading class 0x0f899af0
Event: 0.088 loading class 0x0f89cad0
Event: 0.088 loading class 0x04c57798
Event: 0.088 loading class 0x04c57798 done
Event: 0.088 loading class 0x0f89cad0 done
Event: 0.088 loading class 0x0f899af0 done
Event: 0.088 loading class 0x0f89c350 done
Event: 0.089 loading class 0x0f896a98
Event: 0.089 loading class 0x0f896a98 done


Dynamic libraries:
0x00fb0000 - 0x00fdf000 	C:\Program Files (x86)\Java\jdk1.7.0_06\bin\java.exe
0x77750000 - 0x778d0000 	C:\Windows\SysWOW64\ntdll.dll
0x76b90000 - 0x76ca0000 	C:\Windows\syswow64\kernel32.dll
0x76b40000 - 0x76b87000 	C:\Windows\syswow64\KERNELBASE.dll
0x76df0000 - 0x76e90000 	C:\Windows\syswow64\ADVAPI32.dll
0x76d30000 - 0x76ddc000 	C:\Windows\syswow64\msvcrt.dll
0x74fe0000 - 0x74ff9000 	C:\Windows\SysWOW64\sechost.dll
0x769c0000 - 0x76ab0000 	C:\Windows\syswow64\RPCRT4.dll
0x74e30000 - 0x74e90000 	C:\Windows\syswow64\SspiCli.dll
0x74e20000 - 0x74e2c000 	C:\Windows\syswow64\CRYPTBASE.dll
0x75d60000 - 0x75e60000 	C:\Windows\syswow64\USER32.dll
0x75010000 - 0x750a0000 	C:\Windows\syswow64\GDI32.dll
0x76d20000 - 0x76d2a000 	C:\Windows\syswow64\LPK.dll
0x764e0000 - 0x7657d000 	C:\Windows\syswow64\USP10.dll
0x72b20000 - 0x72cbe000 	C:\Windows\WinSxS\x86_microsoft.windows.common-controls_6595b64144ccf1df_6.0.7601.17514_none_41e6975e2bd6f2b2\COMCTL32.dll
0x76450000 - 0x764a7000 	C:\Windows\syswow64\SHLWAPI.dll
0x75d00000 - 0x75d60000 	C:\Windows\system32\IMM32.DLL
0x74ef0000 - 0x74fbc000 	C:\Windows\syswow64\MSCTF.dll
0x63160000 - 0x6321e000 	C:\Program Files (x86)\Java\jdk1.7.0_06\jre\bin\msvcr100.dll
0x60e30000 - 0x6117c000 	C:\Program Files (x86)\Java\jdk1.7.0_06\jre\bin\client\jvm.dll
0x73890000 - 0x73897000 	C:\Windows\system32\WSOCK32.dll
0x76220000 - 0x76255000 	C:\Windows\syswow64\WS2_32.dll
0x75cf0000 - 0x75cf6000 	C:\Windows\syswow64\NSI.dll
0x72590000 - 0x725c2000 	C:\Windows\system32\WINMM.dll
0x75000000 - 0x75005000 	C:\Windows\syswow64\PSAPI.DLL
0x6b030000 - 0x6b03c000 	C:\Program Files (x86)\Java\jdk1.7.0_06\jre\bin\verify.dll
0x6abb0000 - 0x6abd0000 	C:\Program Files (x86)\Java\jdk1.7.0_06\jre\bin\java.dll
0x6ab90000 - 0x6aba3000 	C:\Program Files (x86)\Java\jdk1.7.0_06\jre\bin\zip.dll
0x58ab0000 - 0x58bf2000 	C:\Program Files (x86)\Java\jdk1.7.0_06\jre\bin\awt.dll
0x75ec0000 - 0x75f4f000 	C:\Windows\syswow64\OLEAUT32.dll
0x766a0000 - 0x767fc000 	C:\Windows\syswow64\ole32.dll
0x70dd0000 - 0x70e50000 	C:\Windows\system32\uxtheme.dll
0x71440000 - 0x71453000 	C:\Windows\system32\dwmapi.dll
0x750a0000 - 0x75cea000 	C:\Windows\syswow64\SHELL32.dll
0x67f90000 - 0x67fba000 	C:\Program Files (x86)\Java\jdk1.7.0_06\jre\bin\fontmanager.dll
0x588e0000 - 0x58aa3000 	C:\Windows\system32\d3d9.dll
0x74680000 - 0x74689000 	C:\Windows\system32\VERSION.dll
0x6a910000 - 0x6a916000 	C:\Windows\system32\d3d8thk.dll
0x634d0000 - 0x63595000 	C:\Windows\system32\aticfx32.dll
0x68270000 - 0x6827b000 	C:\Windows\system32\atiu9pag.dll
0x55500000 - 0x55ab2000 	C:\Windows\system32\atiumdag.dll
0x56a60000 - 0x56f56000 	C:\Windows\system32\atiumdva.dll
0x68280000 - 0x68294000 	C:\Program Files (x86)\Java\jdk1.7.0_06\jre\bin\net.dll
0x71c40000 - 0x71c7c000 	C:\Windows\system32\mswsock.dll
0x71c30000 - 0x71c36000 	C:\Windows\System32\wship6.dll
0x6bc80000 - 0x6bc8f000 	C:\Program Files (x86)\Java\jdk1.7.0_06\jre\bin\nio.dll
0x67f00000 - 0x67f31000 	C:\Program Files (x86)\Java\jdk1.7.0_06\jre\bin\t2k.dll
0x70e80000 - 0x70eb6000 	C:\Program Files\WIDCOMM\Bluetooth Software\SysWOW64\BtMmHook.dll
0x76070000 - 0x760f3000 	C:\Windows\syswow64\CLBCatQ.DLL
0x71eb0000 - 0x71fab000 	C:\Windows\system32\WindowsCodecs.dll
0x71890000 - 0x718dc000 	C:\Windows\system32\apphelp.dll
0x68aa0000 - 0x68ad1000 	C:\Windows\system32\EhStorShell.dll
0x76260000 - 0x763fd000 	C:\Windows\syswow64\SETUPAPI.dll
0x764b0000 - 0x764d7000 	C:\Windows\syswow64\CFGMGR32.dll
0x74fc0000 - 0x74fd2000 	C:\Windows\syswow64\DEVOBJ.dll
0x72490000 - 0x72585000 	C:\Windows\system32\PROPSYS.dll
0x679a0000 - 0x67a10000 	C:\Windows\system32\ntshrui.dll
0x73c00000 - 0x73c19000 	C:\Windows\system32\srvcli.dll
0x71430000 - 0x7143b000 	C:\Windows\system32\cscapi.dll
0x70bd0000 - 0x70bda000 	C:\Windows\system32\slc.dll
0x10000000 - 0x10008000 	C:\Users\Ian\.JxBrowser\xulrunner-windows-version-1.9.2.3\xulrunner-windows\javaxpcomglue.dll
0x60d90000 - 0x60e2b000 	C:\Windows\WinSxS\x86_microsoft.vc80.crt_1fc8b3b9a1e18e3b_8.0.50727.6195_none_d09154e044272b9a\MSVCR80.dll
0x04f30000 - 0x04f59000 	C:\Users\Ian\.JxBrowser\xulrunner-windows-version-1.9.2.3\xulrunner-windows\nspr4.dll
0x045f0000 - 0x045f7000 	C:\Users\Ian\.JxBrowser\xulrunner-windows-version-1.9.2.3\xulrunner-windows\plc4.dll
0x046c0000 - 0x046c7000 	C:\Users\Ian\.JxBrowser\xulrunner-windows-version-1.9.2.3\xulrunner-windows\plds4.dll
0x08070000 - 0x080e3000 	C:\Users\Ian\.JxBrowser\xulrunner-windows-version-1.9.2.3\xulrunner-windows\sqlite3.dll
0x049b0000 - 0x049c4000 	C:\Users\Ian\.JxBrowser\xulrunner-windows-version-1.9.2.3\xulrunner-windows\nssutil3.dll
0x05a70000 - 0x05a96000 	C:\Users\Ian\.JxBrowser\xulrunner-windows-version-1.9.2.3\xulrunner-windows\softokn3.dll
0x08ec0000 - 0x08f5b000 	C:\Users\Ian\.JxBrowser\xulrunner-windows-version-1.9.2.3\xulrunner-windows\nss3.dll
0x04b50000 - 0x04b70000 	C:\Users\Ian\.JxBrowser\xulrunner-windows-version-1.9.2.3\xulrunner-windows\ssl3.dll
0x05810000 - 0x05828000 	C:\Users\Ian\.JxBrowser\xulrunner-windows-version-1.9.2.3\xulrunner-windows\smime3.dll
0x08f60000 - 0x09032000 	C:\Users\Ian\.JxBrowser\xulrunner-windows-version-1.9.2.3\xulrunner-windows\js3250.dll
0x09080000 - 0x09a61000 	C:\Users\Ian\.JxBrowser\xulrunner-windows-version-1.9.2.3\xulrunner-windows\xul.dll
0x70ef0000 - 0x70f41000 	C:\Windows\system32\WINSPOOL.DRV
0x76ca0000 - 0x76d1b000 	C:\Windows\syswow64\COMDLG32.dll
0x725f0000 - 0x725f5000 	C:\Windows\system32\MSIMG32.dll
0x58850000 - 0x588d7000 	C:\Windows\WinSxS\x86_microsoft.vc80.crt_1fc8b3b9a1e18e3b_8.0.50727.6195_none_d09154e044272b9a\MSVCP80.dll
0x04ee0000 - 0x04ee7000 	C:\Users\Ian\.JxBrowser\xulrunner-windows-version-1.9.2.3\xulrunner-windows\xpcom.dll
0x71a80000 - 0x71a85000 	C:\Windows\System32\wshtcpip.dll
0x73960000 - 0x7397c000 	C:\Windows\system32\iphlpapi.dll
0x73950000 - 0x73957000 	C:\Windows\system32\WINNSI.DLL
0x70ed0000 - 0x70ee2000 	C:\Windows\system32\dhcpcsvc.DLL
0x70ec0000 - 0x70ecd000 	C:\Windows\system32\dhcpcsvc6.DLL
0x72460000 - 0x72481000 	C:\Windows\system32\ntmarta.dll
0x76400000 - 0x76445000 	C:\Windows\syswow64\WLDAP32.dll
0x74610000 - 0x74626000 	C:\Windows\system32\CRYPTSP.dll
0x745d0000 - 0x7460b000 	C:\Windows\system32\rsaenh.dll
0x74740000 - 0x74757000 	C:\Windows\system32\USERENV.dll
0x74730000 - 0x7473b000 	C:\Windows\system32\profapi.dll
0x71bc0000 - 0x71bd0000 	C:\Windows\system32\NLAapi.dll
0x712e0000 - 0x712f0000 	C:\Windows\system32\napinsp.dll
0x712c0000 - 0x712d2000 	C:\Windows\system32\pnrpnsp.dll
0x71d10000 - 0x71d54000 	C:\Windows\system32\DNSAPI.dll
0x712b0000 - 0x712b8000 	C:\Windows\System32\winrnr.dll
0x71a50000 - 0x71a77000 	C:\Program Files (x86)\Common Files\Microsoft Shared\Windows Live\WLIDNSP.DLL
0x712a0000 - 0x712ad000 	C:\Windows\system32\wshbth.dll
0x71ba0000 - 0x71ba6000 	C:\Windows\system32\rasadhlp.dll
0x718e0000 - 0x71918000 	C:\Windows\System32\fwpuclnt.dll
0x06e40000 - 0x06e4c000 	C:\Users\Ian\AppData\Local\Temp\jxbrowser-3.1.Build.Unknown23671010\jniwrap.dll
0x63b40000 - 0x63b5e000 	C:\Windows\system32\t2embed.dll
0x74690000 - 0x7469e000 	C:\Windows\system32\RpcRtRemote.dll
0x68250000 - 0x68256000 	C:\Program Files (x86)\Java\jdk1.7.0_06\jre\bin\jawt.dll
0x07770000 - 0x07788000 	C:\Users\Ian\.JxBrowser\xulrunner-windows-version-1.9.2.3\xulrunner-windows\nssdbm3.dll
0x0a0c0000 - 0x0a101000 	C:\Users\Ian\.JxBrowser\xulrunner-windows-version-1.9.2.3\xulrunner-windows\freebl3.dll
0x0b0a0000 - 0x0b0f1000 	C:\Users\Ian\.JxBrowser\xulrunner-windows-version-1.9.2.3\xulrunner-windows\nssckbi.dll
0x633e0000 - 0x63404000 	C:\Program Files (x86)\Java\jdk1.7.0_06\jre\bin\dcpr.dll
0x682a0000 - 0x68319000 	C:\Windows\system32\mscms.dll
0x55ac0000 - 0x5650e000 	C:\Windows\SysWOW64\Macromed\Flash\NPSWF32_11_4_402_287.dll
0x76100000 - 0x7621b000 	C:\Windows\syswow64\WININET.dll
0x76de0000 - 0x76de3000 	C:\Windows\syswow64\Normaliz.dll
0x76800000 - 0x769b8000 	C:\Windows\syswow64\iertutil.dll
0x75f50000 - 0x76061000 	C:\Windows\syswow64\urlmon.dll
0x76580000 - 0x7669e000 	C:\Windows\syswow64\CRYPT32.dll
0x77720000 - 0x7772c000 	C:\Windows\syswow64\MSASN1.dll
0x63b60000 - 0x63bd2000 	C:\Windows\system32\DSOUND.dll
0x71860000 - 0x71885000 	C:\Windows\system32\POWRPROF.dll
0x71790000 - 0x717be000 	C:\Windows\system32\mlang.dll
0x74630000 - 0x74638000 	C:\Windows\system32\credssp.dll
0x735d0000 - 0x7360a000 	C:\Windows\SysWOW64\schannel.dll
0x723c0000 - 0x723f9000 	C:\Windows\System32\MMDevApi.dll
0x6ab50000 - 0x6ab86000 	C:\Windows\system32\AUDIOSES.DLL
0x746a0000 - 0x74724000 	C:\Windows\WinSxS\x86_microsoft.windows.common-controls_6595b64144ccf1df_5.82.7601.17514_none_ec83dffa859149af\comctl32.dll
0x639a0000 - 0x63b38000 	C:\Windows\system32\NetworkExplorer.dll
0x71720000 - 0x7174e000 	C:\Windows\System32\shdocvw.dll
0x73ec0000 - 0x73ed2000 	C:\Windows\system32\MPR.dll
0x6a3a0000 - 0x6a3a8000 	C:\Windows\System32\drprov.dll
0x71d80000 - 0x71da9000 	C:\Windows\System32\WINSTA.dll
0x67a10000 - 0x67a24000 	C:\Windows\System32\ntlanman.dll

VM Arguments:
jvm_args: -Xbootclasspath/a:C:\PROGRA~2\Java\jre7\lib\deploy.jar;C:\PROGRA~2\Java\jre7\lib\javaws.jar;C:\PROGRA~2\Java\jre7\lib\plugin.jar -Xmx32m -Djava.awt.headless=true -XX:MaxDirectMemorySize=64m 
java_command: <unknown>
Launcher Type: generic

Environment Variables:
PATH=C:\Program Files\Broadcom\Broadcom 802.11\Driver;;C:\Program Files (x86)\AMD APP\bin\x86_64;C:\Program Files (x86)\AMD APP\bin\x86;C:\Program Files\Common Files\Microsoft Shared\Windows Live;C:\Program Files (x86)\Common Files\Microsoft Shared\Windows Live;C:\Windows\system32;C:\Windows;C:\Windows\System32\Wbem;C:\Windows\System32\WindowsPowerShell\v1.0\;C:\Program Files (x86)\Windows Live\Shared;C:\Program Files (x86)\ATI Technologies\ATI.ACE\Core-Static;C:\Program Files\WIDCOMM\Bluetooth Software\;C:\Program Files\WIDCOMM\Bluetooth Software\syswow64;C:\Program Files (x86)\Java\jdk1.7.0_06\bin;C:\Program Files (x86)\Java\jdk1.7.0_06\jre\bin;C:\Program Files (x86)\Java\jre7\bin;C:\Wascana\mingw\bin
USERNAME=Ian
OS=Windows_NT
PROCESSOR_IDENTIFIER=AMD64 Family 21 Model 16 Stepping 1, AuthenticAMD



---------------  S Y S T E M  ---------------

OS: Windows 7 , 64 bit Build 7601 Service Pack 1

CPU:total 2 (2 cores per cpu, 1 threads per core) family 21 model 16 stepping 1, cmov, cx8, fxsr, mmx, sse, sse2, sse3, ssse3, sse4.1, sse4.2, popcnt, avx, mmxext, 3dnowpref, lzcnt, sse4a, tsc, tscinvbit, tscinv

Memory: 4k page, physical 7841144k(4816512k free), swap 8248892k(4978900k free)

vm_info: Java HotSpot(TM) Client VM (23.3-b01) for windows-x86 JRE (1.7.0_07-b11), built on Sep  7 2012 01:40:56 by "java_re" with unknown MS VC++:1600

time: Thu Oct 18 16:52:58 2012
elapsed time: 0 seconds

